<?xml version="1.0" encoding="UTF-8"?>
<!-- Generated by org.testng.reporters.JUnitReportReporter -->
<testsuite skipped="0" hostname="DESKTOP-8CHPDAS" name="testngpack.OrangeHrmAssertion" tests="1" failures="0" timestamp="2022-08-25T15:53:27 IST" time="161.759" errors="0">
  <testcase name="OrangeHRMTest" time="161.759" classname="testngpack.OrangeHrmAssertion"/>
  <system-out/>
</testsuite> <!-- testngpack.OrangeHrmAssertion -->
