<?xml version="1.0" encoding="UTF-8"?>
<!-- Generated by org.testng.reporters.JUnitReportReporter -->
<testsuite skipped="0" hostname="DESKTOP-8CHPDAS" name="testngpack.anno" tests="2" failures="0" timestamp="2022-08-24T08:39:45 IST" time="0.014" errors="0">
  <testcase name="test2" time="0.005" classname="testngpack.anno"/>
  <system-out>
    <![CDATA[test 2 method]]>
  </system-out>
  <testcase name="test1" time="0.009" classname="testngpack.anno"/>
  <system-out>
    <![CDATA[test 1 method]]>
  </system-out>
</testsuite> <!-- testngpack.anno -->
