<?xml version="1.0" encoding="UTF-8"?>
<!-- Generated by org.testng.reporters.JUnitReportReporter -->
<testsuite skipped="0" hostname="DESKTOP-8CHPDAS" name="testngpack.Demo" tests="1" failures="0" timestamp="2022-08-17T15:55:53 IST" time="0.007" errors="0">
  <testcase name="a" time="0.007" classname="testngpack.Demo"/>
  <system-out>
    <![CDATA[hi i m vishal]]>
  </system-out>
</testsuite> <!-- testngpack.Demo -->
