<?xml version="1.0" encoding="UTF-8"?>
<!-- Generated by org.testng.reporters.JUnitReportReporter -->
<testsuite skipped="0" hostname="DESKTOP-8CHPDAS" name="testngpack.Flag1" tests="2" failures="0" timestamp="2022-08-20T00:08:24 IST" time="0.009" errors="0">
  <testcase name="invalidActitime" time="0.008" classname="testngpack.Flag1"/>
  <system-out>
    <![CDATA[invalid login perform]]>
  </system-out>
  <testcase name="validActitime" time="0.001" classname="testngpack.Flag1"/>
  <system-out>
    <![CDATA[valid login perform]]>
  </system-out>
</testsuite> <!-- testngpack.Flag1 -->
