<?xml version="1.0" encoding="UTF-8"?>
<!-- Generated by org.testng.reporters.JUnitReportReporter -->
<testsuite skipped="0" hostname="DESKTOP-8CHPDAS" name="testngpack.Class1" tests="1" failures="0" timestamp="2022-08-24T20:31:12 IST" time="36.738" errors="0">
  <testcase name="launchGoogle1" time="36.738" classname="testngpack.Class1"/>
  <system-out/>
</testsuite> <!-- testngpack.Class1 -->
