<?xml version="1.0" encoding="UTF-8"?>
<!-- Generated by org.testng.reporters.JUnitReportReporter -->
<testsuite skipped="0" hostname="DESKTOP-8CHPDAS" name="testngpack.Class2" tests="1" failures="0" timestamp="2022-08-24T20:31:11 IST" time="20.525" errors="0">
  <testcase name="launchGoogle1" time="20.525" classname="testngpack.Class2"/>
  <system-out/>
</testsuite> <!-- testngpack.Class2 -->
