<?xml version="1.0" encoding="UTF-8"?>
<!-- Generated by org.testng.reporters.JUnitReportReporter -->
<testsuite skipped="0" hostname="DESKTOP-8CHPDAS" name="testngpack.Remo" tests="1" failures="0" timestamp="2022-08-18T20:27:10 IST" time="0.000" errors="0">
  <testcase name="remoMethod" time="0.000" classname="testngpack.Remo"/>
  <system-out>
    <![CDATA[remo method executed]]>
  </system-out>
</testsuite> <!-- testngpack.Remo -->
