<?xml version="1.0" encoding="UTF-8"?>
<!-- Generated by org.testng.reporters.JUnitReportReporter -->
<testsuite skipped="0" hostname="DESKTOP-8CHPDAS" name="testngpack.Flag8" tests="2" failures="0" timestamp="2022-08-21T23:56:42 IST" time="92.125" errors="0">
  <testcase name="loginActiTime" time="30.783" classname="testngpack.Flag8"/>
  <system-out/>
  <testcase name="loginActiTime" time="61.342" classname="testngpack.Flag8"/>
  <system-out/>
</testsuite> <!-- testngpack.Flag8 -->
