<?xml version="1.0" encoding="UTF-8"?>
<!-- Generated by org.testng.reporters.JUnitReportReporter -->
<testsuite skipped="0" hostname="DESKTOP-8CHPDAS" name="testngpack.flag3" tests="3" failures="0" timestamp="2022-08-20T00:24:04 IST" time="0.010" errors="0">
  <testcase name="actitimeLogin" time="0.007" classname="testngpack.flag3"/>
  <system-out>
    <![CDATA[login]]>
  </system-out>
  <testcase name="createuser" time="0.002" classname="testngpack.flag3"/>
  <system-out>
    <![CDATA[usercreated]]>
  </system-out>
  <testcase name="actitimelogout" time="0.001" classname="testngpack.flag3"/>
  <system-out>
    <![CDATA[logout]]>
  </system-out>
</testsuite> <!-- testngpack.flag3 -->
