<?xml version="1.0" encoding="UTF-8"?>
<!-- Generated by org.testng.reporters.JUnitReportReporter -->
<testsuite skipped="0" hostname="DESKTOP-8CHPDAS" name="testngpack.Sumo" tests="1" failures="0" timestamp="2022-08-18T20:27:10 IST" time="0.001" errors="0">
  <testcase name="f" time="0.001" classname="testngpack.Sumo"/>
  <system-out>
    <![CDATA[sumo method executed]]>
  </system-out>
</testsuite> <!-- testngpack.Sumo -->
