<?xml version="1.0" encoding="UTF-8"?>
<!-- Generated by org.testng.reporters.JUnitReportReporter -->
<testsuite skipped="0" hostname="DESKTOP-8CHPDAS" name="testngpack.Class4" tests="1" failures="0" timestamp="2022-08-24T20:31:11 IST" time="58.453" errors="0">
  <testcase name="launchGoogle1" time="58.453" classname="testngpack.Class4"/>
  <system-out/>
</testsuite> <!-- testngpack.Class4 -->
