<?xml version="1.0" encoding="UTF-8"?>
<!-- Generated by org.testng.reporters.JUnitReportReporter -->
<testsuite skipped="1" hostname="DESKTOP-8CHPDAS" name="testngpack.flag2" tests="2" failures="0" timestamp="2022-08-20T00:15:48 IST" time="0.013" errors="0">
  <testcase name="method2" time="0.013" classname="testngpack.flag2"/>
  <system-out>
    <![CDATA[create user]]>
  </system-out>
  <testcase name="method1" classname="testngpack.flag2">
    <skipped/>
  </testcase> <!-- method1 -->
  <system-out/>
</testsuite> <!-- testngpack.flag2 -->
