<?xml version="1.0" encoding="UTF-8"?>
<!-- Generated by org.testng.reporters.JUnitReportReporter -->
<testsuite skipped="0" hostname="DESKTOP-8CHPDAS" name="testngpack.ActiTimeAssertion" tests="1" failures="0" timestamp="2022-08-25T00:07:05 IST" time="21.135" errors="0">
  <testcase name="ActitimeTest" time="21.135" classname="testngpack.ActiTimeAssertion"/>
  <system-out>
    <![CDATA[login page title is verified
pasword text box is displayed
login button  is displayed
Home page title is verified
create user
create reports]]>
  </system-out>
</testsuite> <!-- testngpack.ActiTimeAssertion -->
