<?xml version="1.0" encoding="UTF-8"?>
<!-- Generated by org.testng.reporters.JUnitReportReporter -->
<testsuite skipped="0" hostname="DESKTOP-8CHPDAS" name="testngpack.flag6" tests="12" failures="0" timestamp="2022-08-21T01:03:06 IST" time="0.020" errors="0">
  <testcase name="St6" time="0.001" classname="testngpack.flag6"/>
  <system-out>
    <![CDATA[smoke Test case6]]>
  </system-out>
  <testcase name="It6" time="0.000" classname="testngpack.flag6"/>
  <system-out>
    <![CDATA[integration Test case6]]>
  </system-out>
  <testcase name="It5" time="0.001" classname="testngpack.flag6"/>
  <system-out>
    <![CDATA[integration Test case5]]>
  </system-out>
  <testcase name="It3" time="0.000" classname="testngpack.flag6"/>
  <system-out>
    <![CDATA[integration Test case3]]>
  </system-out>
  <testcase name="St5" time="0.002" classname="testngpack.flag6"/>
  <system-out>
    <![CDATA[smoke Test case5]]>
  </system-out>
  <testcase name="St1" time="0.001" classname="testngpack.flag6"/>
  <system-out>
    <![CDATA[smoke Test case1]]>
  </system-out>
  <testcase name="It2" time="0.003" classname="testngpack.flag6"/>
  <system-out>
    <![CDATA[integration Test case2]]>
  </system-out>
  <testcase name="St3" time="0.000" classname="testngpack.flag6"/>
  <system-out>
    <![CDATA[smoke Test case3]]>
  </system-out>
  <testcase name="It4" time="0.002" classname="testngpack.flag6"/>
  <system-out>
    <![CDATA[integration Test case4]]>
  </system-out>
  <testcase name="St2" time="0.001" classname="testngpack.flag6"/>
  <system-out>
    <![CDATA[Smoke Test case2]]>
  </system-out>
  <testcase name="St4" time="0.000" classname="testngpack.flag6"/>
  <system-out>
    <![CDATA[smoke Test case4]]>
  </system-out>
  <testcase name="It1" time="0.009" classname="testngpack.flag6"/>
  <system-out>
    <![CDATA[integration Test case1]]>
  </system-out>
</testsuite> <!-- testngpack.flag6 -->
