<?xml version="1.0" encoding="UTF-8"?>
<!-- Generated by org.testng.reporters.JUnitReportReporter -->
<testsuite skipped="0" hostname="DESKTOP-8CHPDAS" name="testngpack.parameterise" tests="1" failures="0" timestamp="2022-08-22T00:34:52 IST" time="57.454" errors="0">
  <testcase name="youtube" time="57.454" classname="testngpack.parameterise"/>
  <system-out/>
</testsuite> <!-- testngpack.parameterise -->
